  Source.cpp
d:\прога\game1\game1\source.cpp(28): warning C4244: инициализация: преобразование "int" в "float", возможна потеря данных
d:\прога\game1\game1\source.cpp(29): warning C4244: инициализация: преобразование "int" в "float", возможна потеря данных
d:\прога\game1\game1\source.cpp(31): warning C4244: +=: преобразование "double" в "float", возможна потеря данных
d:\прога\game1\game1\source.cpp(31): warning C4244: -=: преобразование "double" в "float", возможна потеря данных
d:\прога\game1\game1\source.cpp(58): warning C4244: =: преобразование "int" в "float", возможна потеря данных
d:\прога\game1\game1\source.cpp(59): warning C4244: =: преобразование "int" в "float", возможна потеря данных
d:\прога\game1\game1\source.cpp(60): warning C4244: =: преобразование "int" в "float", возможна потеря данных
d:\прога\game1\game1\source.cpp(65): warning C4305: инициализация: усечение из "double" в "float"
d:\прога\game1\game1\source.cpp(66): warning C4305: инициализация: усечение из "double" в "float"
d:\прога\game1\game1\source.cpp(115): warning C4244: +=: преобразование "double" в "float", возможна потеря данных
d:\прога\game1\game1\source.cpp(116): warning C4244: +=: преобразование "double" в "float", возможна потеря данных
d:\прога\game1\game1\source.cpp(117): warning C4244: -=: преобразование "double" в "float", возможна потеря данных
d:\прога\game1\game1\source.cpp(118): warning C4244: -=: преобразование "double" в "float", возможна потеря данных
d:\прога\game1\game1\source.cpp(119): warning C4244: =: преобразование "float" в "int", возможна потеря данных
d:\прога\game1\game1\source.cpp(120): warning C4244: =: преобразование "float" в "int", возможна потеря данных
d:\прога\game1\game1\source.cpp(128): warning C4244: =: преобразование "float" в "int", возможна потеря данных
d:\прога\game1\game1\source.cpp(129): warning C4244: =: преобразование "float" в "int", возможна потеря данных
d:\прога\game1\game1\source.cpp(131): warning C4244: аргумент: преобразование "int" в "float", возможна потеря данных
d:\прога\game1\game1\source.cpp(139): warning C4244: аргумент: преобразование "double" в "float", возможна потеря данных
  GAME1.vcxproj -> D:\прога\GAME1\Debug\GAME1.exe
